25-Nov-2021 19:13:47.475 INFO [main] org.apache.catalina.startup.VersionLoggerListener.log Server version name:   Apache Tomcat/9.0.54
25-Nov-2021 19:13:47.477 INFO [main] org.apache.catalina.startup.VersionLoggerListener.log Server built:          Sep 28 2021 13:51:49 UTC
25-Nov-2021 19:13:47.478 INFO [main] org.apache.catalina.startup.VersionLoggerListener.log Server version number: 9.0.54.0
25-Nov-2021 19:13:47.478 INFO [main] org.apache.catalina.startup.VersionLoggerListener.log OS Name:               Windows 10
25-Nov-2021 19:13:47.478 INFO [main] org.apache.catalina.startup.VersionLoggerListener.log OS Version:            10.0
25-Nov-2021 19:13:47.478 INFO [main] org.apache.catalina.startup.VersionLoggerListener.log Architecture:          amd64
25-Nov-2021 19:13:47.478 INFO [main] org.apache.catalina.startup.VersionLoggerListener.log Java Home:             C:\Program Files\Java\jdk-11.0.10
25-Nov-2021 19:13:47.478 INFO [main] org.apache.catalina.startup.VersionLoggerListener.log JVM Version:           11.0.10+8-LTS-162
25-Nov-2021 19:13:47.478 INFO [main] org.apache.catalina.startup.VersionLoggerListener.log JVM Vendor:            Oracle Corporation
25-Nov-2021 19:13:47.479 INFO [main] org.apache.catalina.startup.VersionLoggerListener.log CATALINA_BASE:         G:\Wichtiges\!StudiumFH\BSc Semester 3\Webapplications\apache-tomcat-9.0.54
25-Nov-2021 19:13:47.479 INFO [main] org.apache.catalina.startup.VersionLoggerListener.log CATALINA_HOME:         G:\Wichtiges\!StudiumFH\BSc Semester 3\Webapplications\apache-tomcat-9.0.54
25-Nov-2021 19:13:47.487 INFO [main] org.apache.catalina.startup.VersionLoggerListener.log Command line argument: --add-opens=java.base/java.lang=ALL-UNNAMED
25-Nov-2021 19:13:47.488 INFO [main] org.apache.catalina.startup.VersionLoggerListener.log Command line argument: --add-opens=java.base/java.io=ALL-UNNAMED
25-Nov-2021 19:13:47.488 INFO [main] org.apache.catalina.startup.VersionLoggerListener.log Command line argument: --add-opens=java.base/java.util=ALL-UNNAMED
25-Nov-2021 19:13:47.488 INFO [main] org.apache.catalina.startup.VersionLoggerListener.log Command line argument: --add-opens=java.base/java.util.concurrent=ALL-UNNAMED
25-Nov-2021 19:13:47.488 INFO [main] org.apache.catalina.startup.VersionLoggerListener.log Command line argument: --add-opens=java.rmi/sun.rmi.transport=ALL-UNNAMED
25-Nov-2021 19:13:47.489 INFO [main] org.apache.catalina.startup.VersionLoggerListener.log Command line argument: -Djava.util.logging.config.file=G:\Wichtiges\!StudiumFH\BSc Semester 3\Webapplications\apache-tomcat-9.0.54\conf\logging.properties
25-Nov-2021 19:13:47.489 INFO [main] org.apache.catalina.startup.VersionLoggerListener.log Command line argument: -Djava.util.logging.manager=org.apache.juli.ClassLoaderLogManager
25-Nov-2021 19:13:47.489 INFO [main] org.apache.catalina.startup.VersionLoggerListener.log Command line argument: -Djdk.tls.ephemeralDHKeySize=2048
25-Nov-2021 19:13:47.490 INFO [main] org.apache.catalina.startup.VersionLoggerListener.log Command line argument: -Djava.protocol.handler.pkgs=org.apache.catalina.webresources
25-Nov-2021 19:13:47.490 INFO [main] org.apache.catalina.startup.VersionLoggerListener.log Command line argument: -Dignore.endorsed.dirs=
25-Nov-2021 19:13:47.490 INFO [main] org.apache.catalina.startup.VersionLoggerListener.log Command line argument: -Dcatalina.base=G:\Wichtiges\!StudiumFH\BSc Semester 3\Webapplications\apache-tomcat-9.0.54
25-Nov-2021 19:13:47.490 INFO [main] org.apache.catalina.startup.VersionLoggerListener.log Command line argument: -Dcatalina.home=G:\Wichtiges\!StudiumFH\BSc Semester 3\Webapplications\apache-tomcat-9.0.54
25-Nov-2021 19:13:47.491 INFO [main] org.apache.catalina.startup.VersionLoggerListener.log Command line argument: -Djava.io.tmpdir=G:\Wichtiges\!StudiumFH\BSc Semester 3\Webapplications\apache-tomcat-9.0.54\temp
25-Nov-2021 19:13:47.493 INFO [main] org.apache.catalina.core.AprLifecycleListener.lifecycleEvent Loaded Apache Tomcat Native library [1.2.31] using APR version [1.7.0].
25-Nov-2021 19:13:47.494 INFO [main] org.apache.catalina.core.AprLifecycleListener.lifecycleEvent APR capabilities: IPv6 [true], sendfile [true], accept filters [false], random [true], UDS [true].
25-Nov-2021 19:13:47.494 INFO [main] org.apache.catalina.core.AprLifecycleListener.lifecycleEvent APR/OpenSSL configuration: useAprConnector [false], useOpenSSL [true]
25-Nov-2021 19:13:47.498 INFO [main] org.apache.catalina.core.AprLifecycleListener.initializeSSL OpenSSL successfully initialized [OpenSSL 1.1.1l  24 Aug 2021]
25-Nov-2021 19:13:47.701 INFO [main] org.apache.coyote.AbstractProtocol.init Initializing ProtocolHandler ["http-nio-8080"]
25-Nov-2021 19:13:47.718 INFO [main] org.apache.catalina.startup.Catalina.load Server initialization in [379] milliseconds
25-Nov-2021 19:13:47.757 INFO [main] org.apache.catalina.core.StandardService.startInternal Starting service [Catalina]
25-Nov-2021 19:13:47.758 INFO [main] org.apache.catalina.core.StandardEngine.startInternal Starting Servlet engine: [Apache Tomcat/9.0.54]
25-Nov-2021 19:13:47.795 INFO [main] org.apache.catalina.startup.HostConfig.deployWAR Deploying web application archive [G:\Wichtiges\!StudiumFH\BSc Semester 3\Webapplications\apache-tomcat-9.0.54\webapps\Guestbook-1.0-SNAPSHOT.war]
25-Nov-2021 19:13:48.362 WARNING [main] org.apache.catalina.util.SessionIdGeneratorBase.createSecureRandom Creation of SecureRandom instance for session ID generation using [SHA1PRNG] took [299] milliseconds.
25-Nov-2021 19:13:48.377 INFO [main] org.apache.catalina.startup.HostConfig.deployWAR Deployment of web application archive [G:\Wichtiges\!StudiumFH\BSc Semester 3\Webapplications\apache-tomcat-9.0.54\webapps\Guestbook-1.0-SNAPSHOT.war] has finished in [583] ms
25-Nov-2021 19:13:48.384 INFO [main] org.apache.catalina.startup.HostConfig.deployWAR Deploying web application archive [G:\Wichtiges\!StudiumFH\BSc Semester 3\Webapplications\apache-tomcat-9.0.54\webapps\MySportClub-1.0-SNAPSHOT.war]
25-Nov-2021 19:13:48.452 INFO [main] org.apache.catalina.startup.HostConfig.deployWAR Deployment of web application archive [G:\Wichtiges\!StudiumFH\BSc Semester 3\Webapplications\apache-tomcat-9.0.54\webapps\MySportClub-1.0-SNAPSHOT.war] has finished in [68] ms
25-Nov-2021 19:13:48.453 INFO [main] org.apache.catalina.startup.HostConfig.deployDirectory Deploying web application directory [G:\Wichtiges\!StudiumFH\BSc Semester 3\Webapplications\apache-tomcat-9.0.54\webapps\docs]
25-Nov-2021 19:13:48.482 INFO [main] org.apache.catalina.startup.HostConfig.deployDirectory Deployment of web application directory [G:\Wichtiges\!StudiumFH\BSc Semester 3\Webapplications\apache-tomcat-9.0.54\webapps\docs] has finished in [29] ms
25-Nov-2021 19:13:48.482 INFO [main] org.apache.catalina.startup.HostConfig.deployDirectory Deploying web application directory [G:\Wichtiges\!StudiumFH\BSc Semester 3\Webapplications\apache-tomcat-9.0.54\webapps\examples]
25-Nov-2021 19:13:48.987 INFO [main] org.apache.catalina.startup.HostConfig.deployDirectory Deployment of web application directory [G:\Wichtiges\!StudiumFH\BSc Semester 3\Webapplications\apache-tomcat-9.0.54\webapps\examples] has finished in [505] ms
25-Nov-2021 19:13:48.987 INFO [main] org.apache.catalina.startup.HostConfig.deployDirectory Deploying web application directory [G:\Wichtiges\!StudiumFH\BSc Semester 3\Webapplications\apache-tomcat-9.0.54\webapps\Guestbook_war]
25-Nov-2021 19:13:49.052 INFO [main] org.apache.catalina.startup.HostConfig.deployDirectory Deployment of web application directory [G:\Wichtiges\!StudiumFH\BSc Semester 3\Webapplications\apache-tomcat-9.0.54\webapps\Guestbook_war] has finished in [65] ms
25-Nov-2021 19:13:49.052 INFO [main] org.apache.catalina.startup.HostConfig.deployDirectory Deploying web application directory [G:\Wichtiges\!StudiumFH\BSc Semester 3\Webapplications\apache-tomcat-9.0.54\webapps\host-manager]
25-Nov-2021 19:13:49.106 INFO [main] org.apache.catalina.startup.HostConfig.deployDirectory Deployment of web application directory [G:\Wichtiges\!StudiumFH\BSc Semester 3\Webapplications\apache-tomcat-9.0.54\webapps\host-manager] has finished in [54] ms
25-Nov-2021 19:13:49.106 INFO [main] org.apache.catalina.startup.HostConfig.deployDirectory Deploying web application directory [G:\Wichtiges\!StudiumFH\BSc Semester 3\Webapplications\apache-tomcat-9.0.54\webapps\manager]
25-Nov-2021 19:13:49.126 INFO [main] org.apache.catalina.startup.HostConfig.deployDirectory Deployment of web application directory [G:\Wichtiges\!StudiumFH\BSc Semester 3\Webapplications\apache-tomcat-9.0.54\webapps\manager] has finished in [20] ms
25-Nov-2021 19:13:49.126 INFO [main] org.apache.catalina.startup.HostConfig.deployDirectory Deploying web application directory [G:\Wichtiges\!StudiumFH\BSc Semester 3\Webapplications\apache-tomcat-9.0.54\webapps\ROOT]
25-Nov-2021 19:13:49.152 INFO [main] org.apache.catalina.startup.HostConfig.deployDirectory Deployment of web application directory [G:\Wichtiges\!StudiumFH\BSc Semester 3\Webapplications\apache-tomcat-9.0.54\webapps\ROOT] has finished in [26] ms
25-Nov-2021 19:13:49.156 INFO [main] org.apache.coyote.AbstractProtocol.start Starting ProtocolHandler ["http-nio-8080"]
25-Nov-2021 19:13:49.463 INFO [main] org.apache.catalina.startup.Catalina.start Server startup in [1744] milliseconds
