02-Dec-2021 15:03:44.631 INFO [main] org.apache.catalina.startup.VersionLoggerListener.log Server version name:   Apache Tomcat/9.0.54
02-Dec-2021 15:03:44.633 INFO [main] org.apache.catalina.startup.VersionLoggerListener.log Server built:          Sep 28 2021 13:51:49 UTC
02-Dec-2021 15:03:44.634 INFO [main] org.apache.catalina.startup.VersionLoggerListener.log Server version number: 9.0.54.0
02-Dec-2021 15:03:44.634 INFO [main] org.apache.catalina.startup.VersionLoggerListener.log OS Name:               Windows 10
02-Dec-2021 15:03:44.634 INFO [main] org.apache.catalina.startup.VersionLoggerListener.log OS Version:            10.0
02-Dec-2021 15:03:44.634 INFO [main] org.apache.catalina.startup.VersionLoggerListener.log Architecture:          amd64
02-Dec-2021 15:03:44.634 INFO [main] org.apache.catalina.startup.VersionLoggerListener.log Java Home:             C:\Program Files\Java\jdk-11.0.10
02-Dec-2021 15:03:44.634 INFO [main] org.apache.catalina.startup.VersionLoggerListener.log JVM Version:           11.0.10+8-LTS-162
02-Dec-2021 15:03:44.634 INFO [main] org.apache.catalina.startup.VersionLoggerListener.log JVM Vendor:            Oracle Corporation
02-Dec-2021 15:03:44.635 INFO [main] org.apache.catalina.startup.VersionLoggerListener.log CATALINA_BASE:         G:\Wichtiges\!StudiumFH\BSc Semester 3\Webapplications\apache-tomcat-9.0.54
02-Dec-2021 15:03:44.635 INFO [main] org.apache.catalina.startup.VersionLoggerListener.log CATALINA_HOME:         G:\Wichtiges\!StudiumFH\BSc Semester 3\Webapplications\apache-tomcat-9.0.54
02-Dec-2021 15:03:44.643 INFO [main] org.apache.catalina.startup.VersionLoggerListener.log Command line argument: --add-opens=java.base/java.lang=ALL-UNNAMED
02-Dec-2021 15:03:44.643 INFO [main] org.apache.catalina.startup.VersionLoggerListener.log Command line argument: --add-opens=java.base/java.io=ALL-UNNAMED
02-Dec-2021 15:03:44.643 INFO [main] org.apache.catalina.startup.VersionLoggerListener.log Command line argument: --add-opens=java.base/java.util=ALL-UNNAMED
02-Dec-2021 15:03:44.644 INFO [main] org.apache.catalina.startup.VersionLoggerListener.log Command line argument: --add-opens=java.base/java.util.concurrent=ALL-UNNAMED
02-Dec-2021 15:03:44.644 INFO [main] org.apache.catalina.startup.VersionLoggerListener.log Command line argument: --add-opens=java.rmi/sun.rmi.transport=ALL-UNNAMED
02-Dec-2021 15:03:44.644 INFO [main] org.apache.catalina.startup.VersionLoggerListener.log Command line argument: -Djava.util.logging.config.file=G:\Wichtiges\!StudiumFH\BSc Semester 3\Webapplications\apache-tomcat-9.0.54\conf\logging.properties
02-Dec-2021 15:03:44.645 INFO [main] org.apache.catalina.startup.VersionLoggerListener.log Command line argument: -Djava.util.logging.manager=org.apache.juli.ClassLoaderLogManager
02-Dec-2021 15:03:44.645 INFO [main] org.apache.catalina.startup.VersionLoggerListener.log Command line argument: -Djdk.tls.ephemeralDHKeySize=2048
02-Dec-2021 15:03:44.646 INFO [main] org.apache.catalina.startup.VersionLoggerListener.log Command line argument: -Djava.protocol.handler.pkgs=org.apache.catalina.webresources
02-Dec-2021 15:03:44.646 INFO [main] org.apache.catalina.startup.VersionLoggerListener.log Command line argument: -Dignore.endorsed.dirs=
02-Dec-2021 15:03:44.646 INFO [main] org.apache.catalina.startup.VersionLoggerListener.log Command line argument: -Dcatalina.base=G:\Wichtiges\!StudiumFH\BSc Semester 3\Webapplications\apache-tomcat-9.0.54
02-Dec-2021 15:03:44.647 INFO [main] org.apache.catalina.startup.VersionLoggerListener.log Command line argument: -Dcatalina.home=G:\Wichtiges\!StudiumFH\BSc Semester 3\Webapplications\apache-tomcat-9.0.54
02-Dec-2021 15:03:44.647 INFO [main] org.apache.catalina.startup.VersionLoggerListener.log Command line argument: -Djava.io.tmpdir=G:\Wichtiges\!StudiumFH\BSc Semester 3\Webapplications\apache-tomcat-9.0.54\temp
02-Dec-2021 15:03:44.650 INFO [main] org.apache.catalina.core.AprLifecycleListener.lifecycleEvent Loaded Apache Tomcat Native library [1.2.31] using APR version [1.7.0].
02-Dec-2021 15:03:44.650 INFO [main] org.apache.catalina.core.AprLifecycleListener.lifecycleEvent APR capabilities: IPv6 [true], sendfile [true], accept filters [false], random [true], UDS [true].
02-Dec-2021 15:03:44.650 INFO [main] org.apache.catalina.core.AprLifecycleListener.lifecycleEvent APR/OpenSSL configuration: useAprConnector [false], useOpenSSL [true]
02-Dec-2021 15:03:44.655 INFO [main] org.apache.catalina.core.AprLifecycleListener.initializeSSL OpenSSL successfully initialized [OpenSSL 1.1.1l  24 Aug 2021]
02-Dec-2021 15:03:44.879 INFO [main] org.apache.coyote.AbstractProtocol.init Initializing ProtocolHandler ["http-nio-8080"]
02-Dec-2021 15:03:44.895 INFO [main] org.apache.catalina.startup.Catalina.load Server initialization in [401] milliseconds
02-Dec-2021 15:03:44.937 INFO [main] org.apache.catalina.core.StandardService.startInternal Starting service [Catalina]
02-Dec-2021 15:03:44.937 INFO [main] org.apache.catalina.core.StandardEngine.startInternal Starting Servlet engine: [Apache Tomcat/9.0.54]
02-Dec-2021 15:03:44.983 INFO [main] org.apache.catalina.startup.HostConfig.deployWAR Deploying web application archive [G:\Wichtiges\!StudiumFH\BSc Semester 3\Webapplications\apache-tomcat-9.0.54\webapps\Guestbook-1.0-SNAPSHOT.war]
02-Dec-2021 15:03:45.540 WARNING [main] org.apache.catalina.util.SessionIdGeneratorBase.createSecureRandom Creation of SecureRandom instance for session ID generation using [SHA1PRNG] took [330] milliseconds.
02-Dec-2021 15:03:45.555 INFO [main] org.apache.catalina.startup.HostConfig.deployWAR Deployment of web application archive [G:\Wichtiges\!StudiumFH\BSc Semester 3\Webapplications\apache-tomcat-9.0.54\webapps\Guestbook-1.0-SNAPSHOT.war] has finished in [572] ms
02-Dec-2021 15:03:45.563 INFO [main] org.apache.catalina.startup.HostConfig.deployWAR Deploying web application archive [G:\Wichtiges\!StudiumFH\BSc Semester 3\Webapplications\apache-tomcat-9.0.54\webapps\MySportClub-1.0-SNAPSHOT.war]
02-Dec-2021 15:03:45.566 INFO [main] org.apache.catalina.startup.ExpandWar.expand An expanded directory [G:\Wichtiges\!StudiumFH\BSc Semester 3\Webapplications\apache-tomcat-9.0.54\webapps\MySportClub-1.0-SNAPSHOT] was found with a last modified time that did not match the associated WAR. It will be deleted.
02-Dec-2021 15:03:45.848 INFO [main] org.apache.catalina.startup.HostConfig.deployWAR Deployment of web application archive [G:\Wichtiges\!StudiumFH\BSc Semester 3\Webapplications\apache-tomcat-9.0.54\webapps\MySportClub-1.0-SNAPSHOT.war] has finished in [284] ms
02-Dec-2021 15:03:45.849 INFO [main] org.apache.catalina.startup.HostConfig.deployDirectory Deploying web application directory [G:\Wichtiges\!StudiumFH\BSc Semester 3\Webapplications\apache-tomcat-9.0.54\webapps\docs]
02-Dec-2021 15:03:45.906 INFO [main] org.apache.catalina.startup.HostConfig.deployDirectory Deployment of web application directory [G:\Wichtiges\!StudiumFH\BSc Semester 3\Webapplications\apache-tomcat-9.0.54\webapps\docs] has finished in [57] ms
02-Dec-2021 15:03:45.907 INFO [main] org.apache.catalina.startup.HostConfig.deployDirectory Deploying web application directory [G:\Wichtiges\!StudiumFH\BSc Semester 3\Webapplications\apache-tomcat-9.0.54\webapps\examples]
02-Dec-2021 15:03:46.420 INFO [main] org.apache.catalina.startup.HostConfig.deployDirectory Deployment of web application directory [G:\Wichtiges\!StudiumFH\BSc Semester 3\Webapplications\apache-tomcat-9.0.54\webapps\examples] has finished in [513] ms
02-Dec-2021 15:03:46.421 INFO [main] org.apache.catalina.startup.HostConfig.deployDirectory Deploying web application directory [G:\Wichtiges\!StudiumFH\BSc Semester 3\Webapplications\apache-tomcat-9.0.54\webapps\Guestbook_war]
02-Dec-2021 15:03:46.485 INFO [main] org.apache.catalina.startup.HostConfig.deployDirectory Deployment of web application directory [G:\Wichtiges\!StudiumFH\BSc Semester 3\Webapplications\apache-tomcat-9.0.54\webapps\Guestbook_war] has finished in [63] ms
02-Dec-2021 15:03:46.486 INFO [main] org.apache.catalina.startup.HostConfig.deployDirectory Deploying web application directory [G:\Wichtiges\!StudiumFH\BSc Semester 3\Webapplications\apache-tomcat-9.0.54\webapps\host-manager]
02-Dec-2021 15:03:46.541 INFO [main] org.apache.catalina.startup.HostConfig.deployDirectory Deployment of web application directory [G:\Wichtiges\!StudiumFH\BSc Semester 3\Webapplications\apache-tomcat-9.0.54\webapps\host-manager] has finished in [55] ms
02-Dec-2021 15:03:46.541 INFO [main] org.apache.catalina.startup.HostConfig.deployDirectory Deploying web application directory [G:\Wichtiges\!StudiumFH\BSc Semester 3\Webapplications\apache-tomcat-9.0.54\webapps\manager]
02-Dec-2021 15:03:46.612 INFO [main] org.apache.catalina.startup.HostConfig.deployDirectory Deployment of web application directory [G:\Wichtiges\!StudiumFH\BSc Semester 3\Webapplications\apache-tomcat-9.0.54\webapps\manager] has finished in [71] ms
02-Dec-2021 15:03:46.617 INFO [main] org.apache.catalina.startup.HostConfig.deployDirectory Deploying web application directory [G:\Wichtiges\!StudiumFH\BSc Semester 3\Webapplications\apache-tomcat-9.0.54\webapps\ROOT]
02-Dec-2021 15:03:46.679 INFO [main] org.apache.catalina.startup.HostConfig.deployDirectory Deployment of web application directory [G:\Wichtiges\!StudiumFH\BSc Semester 3\Webapplications\apache-tomcat-9.0.54\webapps\ROOT] has finished in [62] ms
02-Dec-2021 15:03:46.684 INFO [main] org.apache.coyote.AbstractProtocol.start Starting ProtocolHandler ["http-nio-8080"]
02-Dec-2021 15:03:47.033 INFO [main] org.apache.catalina.startup.Catalina.start Server startup in [2137] milliseconds
02-Dec-2021 15:04:17.230 INFO [Catalina-utility-2] org.apache.catalina.startup.HostConfig.undeploy Undeploying context [/Guestbook-1.0-SNAPSHOT]
02-Dec-2021 15:04:17.752 INFO [Catalina-utility-2] org.apache.catalina.startup.HostConfig.undeploy Undeploying context [/MySportClub-1.0-SNAPSHOT]
02-Dec-2021 15:04:17.758 INFO [Catalina-utility-2] org.apache.catalina.startup.HostConfig.deployWAR Deploying web application archive [G:\Wichtiges\!StudiumFH\BSc Semester 3\Webapplications\apache-tomcat-9.0.54\webapps\Guestbook-1.0-SNAPSHOT.war]
02-Dec-2021 15:04:17.847 INFO [Catalina-utility-2] org.apache.catalina.startup.HostConfig.deployWAR Deployment of web application archive [G:\Wichtiges\!StudiumFH\BSc Semester 3\Webapplications\apache-tomcat-9.0.54\webapps\Guestbook-1.0-SNAPSHOT.war] has finished in [89] ms
02-Dec-2021 15:04:17.848 INFO [Catalina-utility-2] org.apache.catalina.startup.HostConfig.deployWAR Deploying web application archive [G:\Wichtiges\!StudiumFH\BSc Semester 3\Webapplications\apache-tomcat-9.0.54\webapps\MySportClub-1.0-SNAPSHOT.war]
02-Dec-2021 15:04:18.063 INFO [Catalina-utility-2] org.apache.catalina.startup.HostConfig.deployWAR Deployment of web application archive [G:\Wichtiges\!StudiumFH\BSc Semester 3\Webapplications\apache-tomcat-9.0.54\webapps\MySportClub-1.0-SNAPSHOT.war] has finished in [215] ms
02-Dec-2021 15:12:15.905 INFO [main] org.apache.catalina.startup.VersionLoggerListener.log Server version name:   Apache Tomcat/9.0.54
02-Dec-2021 15:12:15.907 INFO [main] org.apache.catalina.startup.VersionLoggerListener.log Server built:          Sep 28 2021 13:51:49 UTC
02-Dec-2021 15:12:15.908 INFO [main] org.apache.catalina.startup.VersionLoggerListener.log Server version number: 9.0.54.0
02-Dec-2021 15:12:15.908 INFO [main] org.apache.catalina.startup.VersionLoggerListener.log OS Name:               Windows 10
02-Dec-2021 15:12:15.908 INFO [main] org.apache.catalina.startup.VersionLoggerListener.log OS Version:            10.0
02-Dec-2021 15:12:15.908 INFO [main] org.apache.catalina.startup.VersionLoggerListener.log Architecture:          amd64
02-Dec-2021 15:12:15.908 INFO [main] org.apache.catalina.startup.VersionLoggerListener.log Java Home:             C:\Program Files\Java\jdk-11.0.10
02-Dec-2021 15:12:15.909 INFO [main] org.apache.catalina.startup.VersionLoggerListener.log JVM Version:           11.0.10+8-LTS-162
02-Dec-2021 15:12:15.909 INFO [main] org.apache.catalina.startup.VersionLoggerListener.log JVM Vendor:            Oracle Corporation
02-Dec-2021 15:12:15.909 INFO [main] org.apache.catalina.startup.VersionLoggerListener.log CATALINA_BASE:         G:\Wichtiges\!StudiumFH\BSc Semester 3\Webapplications\apache-tomcat-9.0.54
02-Dec-2021 15:12:15.909 INFO [main] org.apache.catalina.startup.VersionLoggerListener.log CATALINA_HOME:         G:\Wichtiges\!StudiumFH\BSc Semester 3\Webapplications\apache-tomcat-9.0.54
02-Dec-2021 15:12:15.917 INFO [main] org.apache.catalina.startup.VersionLoggerListener.log Command line argument: --add-opens=java.base/java.lang=ALL-UNNAMED
02-Dec-2021 15:12:15.917 INFO [main] org.apache.catalina.startup.VersionLoggerListener.log Command line argument: --add-opens=java.base/java.io=ALL-UNNAMED
02-Dec-2021 15:12:15.917 INFO [main] org.apache.catalina.startup.VersionLoggerListener.log Command line argument: --add-opens=java.base/java.util=ALL-UNNAMED
02-Dec-2021 15:12:15.917 INFO [main] org.apache.catalina.startup.VersionLoggerListener.log Command line argument: --add-opens=java.base/java.util.concurrent=ALL-UNNAMED
02-Dec-2021 15:12:15.918 INFO [main] org.apache.catalina.startup.VersionLoggerListener.log Command line argument: --add-opens=java.rmi/sun.rmi.transport=ALL-UNNAMED
02-Dec-2021 15:12:15.918 INFO [main] org.apache.catalina.startup.VersionLoggerListener.log Command line argument: -Djava.util.logging.config.file=G:\Wichtiges\!StudiumFH\BSc Semester 3\Webapplications\apache-tomcat-9.0.54\conf\logging.properties
02-Dec-2021 15:12:15.918 INFO [main] org.apache.catalina.startup.VersionLoggerListener.log Command line argument: -Djava.util.logging.manager=org.apache.juli.ClassLoaderLogManager
02-Dec-2021 15:12:15.919 INFO [main] org.apache.catalina.startup.VersionLoggerListener.log Command line argument: -Djdk.tls.ephemeralDHKeySize=2048
02-Dec-2021 15:12:15.919 INFO [main] org.apache.catalina.startup.VersionLoggerListener.log Command line argument: -Djava.protocol.handler.pkgs=org.apache.catalina.webresources
02-Dec-2021 15:12:15.919 INFO [main] org.apache.catalina.startup.VersionLoggerListener.log Command line argument: -Dignore.endorsed.dirs=
02-Dec-2021 15:12:15.921 INFO [main] org.apache.catalina.startup.VersionLoggerListener.log Command line argument: -Dcatalina.base=G:\Wichtiges\!StudiumFH\BSc Semester 3\Webapplications\apache-tomcat-9.0.54
02-Dec-2021 15:12:15.921 INFO [main] org.apache.catalina.startup.VersionLoggerListener.log Command line argument: -Dcatalina.home=G:\Wichtiges\!StudiumFH\BSc Semester 3\Webapplications\apache-tomcat-9.0.54
02-Dec-2021 15:12:15.922 INFO [main] org.apache.catalina.startup.VersionLoggerListener.log Command line argument: -Djava.io.tmpdir=G:\Wichtiges\!StudiumFH\BSc Semester 3\Webapplications\apache-tomcat-9.0.54\temp
02-Dec-2021 15:12:15.925 INFO [main] org.apache.catalina.core.AprLifecycleListener.lifecycleEvent Loaded Apache Tomcat Native library [1.2.31] using APR version [1.7.0].
02-Dec-2021 15:12:15.925 INFO [main] org.apache.catalina.core.AprLifecycleListener.lifecycleEvent APR capabilities: IPv6 [true], sendfile [true], accept filters [false], random [true], UDS [true].
02-Dec-2021 15:12:15.925 INFO [main] org.apache.catalina.core.AprLifecycleListener.lifecycleEvent APR/OpenSSL configuration: useAprConnector [false], useOpenSSL [true]
02-Dec-2021 15:12:15.930 INFO [main] org.apache.catalina.core.AprLifecycleListener.initializeSSL OpenSSL successfully initialized [OpenSSL 1.1.1l  24 Aug 2021]
02-Dec-2021 15:12:16.158 INFO [main] org.apache.coyote.AbstractProtocol.init Initializing ProtocolHandler ["http-nio-8080"]
02-Dec-2021 15:12:16.176 INFO [main] org.apache.catalina.startup.Catalina.load Server initialization in [405] milliseconds
02-Dec-2021 15:12:16.218 INFO [main] org.apache.catalina.core.StandardService.startInternal Starting service [Catalina]
02-Dec-2021 15:12:16.218 INFO [main] org.apache.catalina.core.StandardEngine.startInternal Starting Servlet engine: [Apache Tomcat/9.0.54]
02-Dec-2021 15:12:16.232 INFO [main] org.apache.catalina.startup.HostConfig.deployWAR Deploying web application archive [G:\Wichtiges\!StudiumFH\BSc Semester 3\Webapplications\apache-tomcat-9.0.54\webapps\Guestbook-1.0-SNAPSHOT.war]
02-Dec-2021 15:12:16.848 WARNING [main] org.apache.catalina.util.SessionIdGeneratorBase.createSecureRandom Creation of SecureRandom instance for session ID generation using [SHA1PRNG] took [360] milliseconds.
02-Dec-2021 15:12:16.860 INFO [main] org.apache.catalina.startup.HostConfig.deployWAR Deployment of web application archive [G:\Wichtiges\!StudiumFH\BSc Semester 3\Webapplications\apache-tomcat-9.0.54\webapps\Guestbook-1.0-SNAPSHOT.war] has finished in [628] ms
02-Dec-2021 15:12:16.861 INFO [main] org.apache.catalina.startup.HostConfig.deployWAR Deploying web application archive [G:\Wichtiges\!StudiumFH\BSc Semester 3\Webapplications\apache-tomcat-9.0.54\webapps\MySportClub-1.0-SNAPSHOT.war]
02-Dec-2021 15:12:16.936 INFO [main] org.apache.catalina.startup.HostConfig.deployWAR Deployment of web application archive [G:\Wichtiges\!StudiumFH\BSc Semester 3\Webapplications\apache-tomcat-9.0.54\webapps\MySportClub-1.0-SNAPSHOT.war] has finished in [75] ms
02-Dec-2021 15:12:16.945 INFO [main] org.apache.catalina.startup.HostConfig.deployWAR Deploying web application archive [G:\Wichtiges\!StudiumFH\BSc Semester 3\Webapplications\apache-tomcat-9.0.54\webapps\MySportClub-1.1-SNAPSHOT.war]
02-Dec-2021 15:12:17.221 INFO [main] org.apache.catalina.startup.HostConfig.deployWAR Deployment of web application archive [G:\Wichtiges\!StudiumFH\BSc Semester 3\Webapplications\apache-tomcat-9.0.54\webapps\MySportClub-1.1-SNAPSHOT.war] has finished in [276] ms
02-Dec-2021 15:12:17.222 INFO [main] org.apache.catalina.startup.HostConfig.deployDirectory Deploying web application directory [G:\Wichtiges\!StudiumFH\BSc Semester 3\Webapplications\apache-tomcat-9.0.54\webapps\docs]
02-Dec-2021 15:12:17.239 INFO [main] org.apache.catalina.startup.HostConfig.deployDirectory Deployment of web application directory [G:\Wichtiges\!StudiumFH\BSc Semester 3\Webapplications\apache-tomcat-9.0.54\webapps\docs] has finished in [17] ms
02-Dec-2021 15:12:17.239 INFO [main] org.apache.catalina.startup.HostConfig.deployDirectory Deploying web application directory [G:\Wichtiges\!StudiumFH\BSc Semester 3\Webapplications\apache-tomcat-9.0.54\webapps\examples]
02-Dec-2021 15:12:17.438 INFO [main] org.apache.catalina.startup.HostConfig.deployDirectory Deployment of web application directory [G:\Wichtiges\!StudiumFH\BSc Semester 3\Webapplications\apache-tomcat-9.0.54\webapps\examples] has finished in [199] ms
02-Dec-2021 15:12:17.438 INFO [main] org.apache.catalina.startup.HostConfig.deployDirectory Deploying web application directory [G:\Wichtiges\!StudiumFH\BSc Semester 3\Webapplications\apache-tomcat-9.0.54\webapps\host-manager]
02-Dec-2021 15:12:17.464 INFO [main] org.apache.catalina.startup.HostConfig.deployDirectory Deployment of web application directory [G:\Wichtiges\!StudiumFH\BSc Semester 3\Webapplications\apache-tomcat-9.0.54\webapps\host-manager] has finished in [26] ms
02-Dec-2021 15:12:17.464 INFO [main] org.apache.catalina.startup.HostConfig.deployDirectory Deploying web application directory [G:\Wichtiges\!StudiumFH\BSc Semester 3\Webapplications\apache-tomcat-9.0.54\webapps\manager]
02-Dec-2021 15:12:17.481 INFO [main] org.apache.catalina.startup.HostConfig.deployDirectory Deployment of web application directory [G:\Wichtiges\!StudiumFH\BSc Semester 3\Webapplications\apache-tomcat-9.0.54\webapps\manager] has finished in [16] ms
02-Dec-2021 15:12:17.481 INFO [main] org.apache.catalina.startup.HostConfig.deployDirectory Deploying web application directory [G:\Wichtiges\!StudiumFH\BSc Semester 3\Webapplications\apache-tomcat-9.0.54\webapps\ROOT]
02-Dec-2021 15:12:17.496 INFO [main] org.apache.catalina.startup.HostConfig.deployDirectory Deployment of web application directory [G:\Wichtiges\!StudiumFH\BSc Semester 3\Webapplications\apache-tomcat-9.0.54\webapps\ROOT] has finished in [15] ms
02-Dec-2021 15:12:17.500 INFO [main] org.apache.coyote.AbstractProtocol.start Starting ProtocolHandler ["http-nio-8080"]
02-Dec-2021 15:12:17.822 INFO [main] org.apache.catalina.startup.Catalina.start Server startup in [1646] milliseconds
02-Dec-2021 15:53:35.330 INFO [main] org.apache.catalina.startup.VersionLoggerListener.log Server version name:   Apache Tomcat/9.0.54
02-Dec-2021 15:53:35.333 INFO [main] org.apache.catalina.startup.VersionLoggerListener.log Server built:          Sep 28 2021 13:51:49 UTC
02-Dec-2021 15:53:35.333 INFO [main] org.apache.catalina.startup.VersionLoggerListener.log Server version number: 9.0.54.0
02-Dec-2021 15:53:35.333 INFO [main] org.apache.catalina.startup.VersionLoggerListener.log OS Name:               Windows 10
02-Dec-2021 15:53:35.334 INFO [main] org.apache.catalina.startup.VersionLoggerListener.log OS Version:            10.0
02-Dec-2021 15:53:35.334 INFO [main] org.apache.catalina.startup.VersionLoggerListener.log Architecture:          amd64
02-Dec-2021 15:53:35.334 INFO [main] org.apache.catalina.startup.VersionLoggerListener.log Java Home:             C:\Program Files\Java\jdk-11.0.10
02-Dec-2021 15:53:35.334 INFO [main] org.apache.catalina.startup.VersionLoggerListener.log JVM Version:           11.0.10+8-LTS-162
02-Dec-2021 15:53:35.334 INFO [main] org.apache.catalina.startup.VersionLoggerListener.log JVM Vendor:            Oracle Corporation
02-Dec-2021 15:53:35.334 INFO [main] org.apache.catalina.startup.VersionLoggerListener.log CATALINA_BASE:         G:\Wichtiges\!StudiumFH\BSc Semester 3\Webapplications\apache-tomcat-9.0.54
02-Dec-2021 15:53:35.334 INFO [main] org.apache.catalina.startup.VersionLoggerListener.log CATALINA_HOME:         G:\Wichtiges\!StudiumFH\BSc Semester 3\Webapplications\apache-tomcat-9.0.54
02-Dec-2021 15:53:35.343 INFO [main] org.apache.catalina.startup.VersionLoggerListener.log Command line argument: --add-opens=java.base/java.lang=ALL-UNNAMED
02-Dec-2021 15:53:35.343 INFO [main] org.apache.catalina.startup.VersionLoggerListener.log Command line argument: --add-opens=java.base/java.io=ALL-UNNAMED
02-Dec-2021 15:53:35.343 INFO [main] org.apache.catalina.startup.VersionLoggerListener.log Command line argument: --add-opens=java.base/java.util=ALL-UNNAMED
02-Dec-2021 15:53:35.343 INFO [main] org.apache.catalina.startup.VersionLoggerListener.log Command line argument: --add-opens=java.base/java.util.concurrent=ALL-UNNAMED
02-Dec-2021 15:53:35.344 INFO [main] org.apache.catalina.startup.VersionLoggerListener.log Command line argument: --add-opens=java.rmi/sun.rmi.transport=ALL-UNNAMED
02-Dec-2021 15:53:35.344 INFO [main] org.apache.catalina.startup.VersionLoggerListener.log Command line argument: -Djava.util.logging.config.file=G:\Wichtiges\!StudiumFH\BSc Semester 3\Webapplications\apache-tomcat-9.0.54\conf\logging.properties
02-Dec-2021 15:53:35.344 INFO [main] org.apache.catalina.startup.VersionLoggerListener.log Command line argument: -Djava.util.logging.manager=org.apache.juli.ClassLoaderLogManager
02-Dec-2021 15:53:35.345 INFO [main] org.apache.catalina.startup.VersionLoggerListener.log Command line argument: -Djdk.tls.ephemeralDHKeySize=2048
02-Dec-2021 15:53:35.345 INFO [main] org.apache.catalina.startup.VersionLoggerListener.log Command line argument: -Djava.protocol.handler.pkgs=org.apache.catalina.webresources
02-Dec-2021 15:53:35.345 INFO [main] org.apache.catalina.startup.VersionLoggerListener.log Command line argument: -Dignore.endorsed.dirs=
02-Dec-2021 15:53:35.346 INFO [main] org.apache.catalina.startup.VersionLoggerListener.log Command line argument: -Dcatalina.base=G:\Wichtiges\!StudiumFH\BSc Semester 3\Webapplications\apache-tomcat-9.0.54
02-Dec-2021 15:53:35.346 INFO [main] org.apache.catalina.startup.VersionLoggerListener.log Command line argument: -Dcatalina.home=G:\Wichtiges\!StudiumFH\BSc Semester 3\Webapplications\apache-tomcat-9.0.54
02-Dec-2021 15:53:35.347 INFO [main] org.apache.catalina.startup.VersionLoggerListener.log Command line argument: -Djava.io.tmpdir=G:\Wichtiges\!StudiumFH\BSc Semester 3\Webapplications\apache-tomcat-9.0.54\temp
02-Dec-2021 15:53:35.350 INFO [main] org.apache.catalina.core.AprLifecycleListener.lifecycleEvent Loaded Apache Tomcat Native library [1.2.31] using APR version [1.7.0].
02-Dec-2021 15:53:35.351 INFO [main] org.apache.catalina.core.AprLifecycleListener.lifecycleEvent APR capabilities: IPv6 [true], sendfile [true], accept filters [false], random [true], UDS [true].
02-Dec-2021 15:53:35.351 INFO [main] org.apache.catalina.core.AprLifecycleListener.lifecycleEvent APR/OpenSSL configuration: useAprConnector [false], useOpenSSL [true]
02-Dec-2021 15:53:35.355 INFO [main] org.apache.catalina.core.AprLifecycleListener.initializeSSL OpenSSL successfully initialized [OpenSSL 1.1.1l  24 Aug 2021]
02-Dec-2021 15:53:35.569 INFO [main] org.apache.coyote.AbstractProtocol.init Initializing ProtocolHandler ["http-nio-8080"]
02-Dec-2021 15:53:35.590 INFO [main] org.apache.catalina.startup.Catalina.load Server initialization in [393] milliseconds
02-Dec-2021 15:53:35.634 INFO [main] org.apache.catalina.core.StandardService.startInternal Starting service [Catalina]
02-Dec-2021 15:53:35.634 INFO [main] org.apache.catalina.core.StandardEngine.startInternal Starting Servlet engine: [Apache Tomcat/9.0.54]
02-Dec-2021 15:53:35.648 INFO [main] org.apache.catalina.startup.HostConfig.deployWAR Deploying web application archive [G:\Wichtiges\!StudiumFH\BSc Semester 3\Webapplications\apache-tomcat-9.0.54\webapps\Guestbook-1.0-SNAPSHOT.war]
02-Dec-2021 15:53:36.232 WARNING [main] org.apache.catalina.util.SessionIdGeneratorBase.createSecureRandom Creation of SecureRandom instance for session ID generation using [SHA1PRNG] took [321] milliseconds.
02-Dec-2021 15:53:36.245 INFO [main] org.apache.catalina.startup.HostConfig.deployWAR Deployment of web application archive [G:\Wichtiges\!StudiumFH\BSc Semester 3\Webapplications\apache-tomcat-9.0.54\webapps\Guestbook-1.0-SNAPSHOT.war] has finished in [597] ms
02-Dec-2021 15:53:36.245 INFO [main] org.apache.catalina.startup.HostConfig.deployWAR Deploying web application archive [G:\Wichtiges\!StudiumFH\BSc Semester 3\Webapplications\apache-tomcat-9.0.54\webapps\MySportClub-1.0-SNAPSHOT.war]
02-Dec-2021 15:53:36.317 INFO [main] org.apache.catalina.startup.HostConfig.deployWAR Deployment of web application archive [G:\Wichtiges\!StudiumFH\BSc Semester 3\Webapplications\apache-tomcat-9.0.54\webapps\MySportClub-1.0-SNAPSHOT.war] has finished in [72] ms
02-Dec-2021 15:53:36.318 INFO [main] org.apache.catalina.startup.HostConfig.deployWAR Deploying web application archive [G:\Wichtiges\!StudiumFH\BSc Semester 3\Webapplications\apache-tomcat-9.0.54\webapps\MySportClub-1.1-SNAPSHOT.war]
02-Dec-2021 15:53:36.573 INFO [main] org.apache.catalina.startup.HostConfig.deployWAR Deployment of web application archive [G:\Wichtiges\!StudiumFH\BSc Semester 3\Webapplications\apache-tomcat-9.0.54\webapps\MySportClub-1.1-SNAPSHOT.war] has finished in [255] ms
02-Dec-2021 15:53:36.574 INFO [main] org.apache.catalina.startup.HostConfig.deployDirectory Deploying web application directory [G:\Wichtiges\!StudiumFH\BSc Semester 3\Webapplications\apache-tomcat-9.0.54\webapps\docs]
02-Dec-2021 15:53:36.601 INFO [main] org.apache.catalina.startup.HostConfig.deployDirectory Deployment of web application directory [G:\Wichtiges\!StudiumFH\BSc Semester 3\Webapplications\apache-tomcat-9.0.54\webapps\docs] has finished in [27] ms
02-Dec-2021 15:53:36.601 INFO [main] org.apache.catalina.startup.HostConfig.deployDirectory Deploying web application directory [G:\Wichtiges\!StudiumFH\BSc Semester 3\Webapplications\apache-tomcat-9.0.54\webapps\examples]
02-Dec-2021 15:53:36.814 INFO [main] org.apache.catalina.startup.HostConfig.deployDirectory Deployment of web application directory [G:\Wichtiges\!StudiumFH\BSc Semester 3\Webapplications\apache-tomcat-9.0.54\webapps\examples] has finished in [212] ms
02-Dec-2021 15:53:36.814 INFO [main] org.apache.catalina.startup.HostConfig.deployDirectory Deploying web application directory [G:\Wichtiges\!StudiumFH\BSc Semester 3\Webapplications\apache-tomcat-9.0.54\webapps\host-manager]
02-Dec-2021 15:53:36.837 INFO [main] org.apache.catalina.startup.HostConfig.deployDirectory Deployment of web application directory [G:\Wichtiges\!StudiumFH\BSc Semester 3\Webapplications\apache-tomcat-9.0.54\webapps\host-manager] has finished in [23] ms
02-Dec-2021 15:53:36.837 INFO [main] org.apache.catalina.startup.HostConfig.deployDirectory Deploying web application directory [G:\Wichtiges\!StudiumFH\BSc Semester 3\Webapplications\apache-tomcat-9.0.54\webapps\manager]
02-Dec-2021 15:53:36.856 INFO [main] org.apache.catalina.startup.HostConfig.deployDirectory Deployment of web application directory [G:\Wichtiges\!StudiumFH\BSc Semester 3\Webapplications\apache-tomcat-9.0.54\webapps\manager] has finished in [19] ms
02-Dec-2021 15:53:36.856 INFO [main] org.apache.catalina.startup.HostConfig.deployDirectory Deploying web application directory [G:\Wichtiges\!StudiumFH\BSc Semester 3\Webapplications\apache-tomcat-9.0.54\webapps\ROOT]
02-Dec-2021 15:53:36.872 INFO [main] org.apache.catalina.startup.HostConfig.deployDirectory Deployment of web application directory [G:\Wichtiges\!StudiumFH\BSc Semester 3\Webapplications\apache-tomcat-9.0.54\webapps\ROOT] has finished in [16] ms
02-Dec-2021 15:53:36.876 INFO [main] org.apache.coyote.AbstractProtocol.start Starting ProtocolHandler ["http-nio-8080"]
02-Dec-2021 15:53:37.190 INFO [main] org.apache.catalina.startup.Catalina.start Server startup in [1599] milliseconds
